#
# A fatal error has been detected by the Java Runtime Environment:
#
#  Internal Error (javaClasses.cpp:136), pid=6412, tid=12196
#  fatal error: Invalid layout of preloaded class
#
# JRE version:  (7.0_55-b13) (build )
# Java VM: Java HotSpot(TM) 64-Bit Server VM (24.55-b03 mixed mode windows-amd64 compressed oops)
# Failed to write core dump. Minidumps are not enabled by default on client versions of Windows
#
# If you would like to submit a bug report, please visit:
#   http://bugreport.sun.com/bugreport/crash.jsp
#

---------------  T H R E A D  ---------------

Current thread (0x0000000002db0800):  JavaThread "Unknown thread" [_thread_in_vm, id=12196, stack(0x0000000002cb0000,0x0000000002db0000)]

Stack: [0x0000000002cb0000,0x0000000002db0000]

---------------  P R O C E S S  ---------------

Java Threads: ( => current thread )

Other Threads:

=>0x0000000002db0800 (exited) JavaThread "Unknown thread" [_thread_in_vm, id=12196, stack(0x0000000002cb0000,0x0000000002db0000)]

VM state:not at safepoint (not fully initialized)

VM Mutex/Monitor currently owned by a thread: None

GC Heap History (0 events):
No events

Deoptimization events (0 events):
No events

Internal exceptions (0 events):
No events

Events (10 events):
Event: 0.022 loading class 0x0000000002df4a50 done
Event: 0.022 loading class 0x0000000002df4470 done
Event: 0.022 loading class 0x0000000002df4450
Event: 0.023 loading class 0x0000000002dfc550
Event: 0.023 loading class 0x0000000002dfc550 done
Event: 0.023 loading class 0x0000000002dfc580
Event: 0.023 loading class 0x0000000002dfc580 done
Event: 0.023 loading class 0x0000000002dfc5b0
Event: 0.023 loading class 0x0000000002dfc5b0 done
Event: 0.023 loading class 0x0000000002df4450 done


Dynamic libraries:
0x000007f7deab0000 - 0x000007f7deae3000 	C:\Program Files\Java\jre7\bin\javaw.exe
0x000007fbe5590000 - 0x000007fbe574e000 	C:\windows\SYSTEM32\ntdll.dll
0x000007fbe37e0000 - 0x000007fbe3917000 	C:\windows\system32\KERNEL32.DLL
0x000007fbe2810000 - 0x000007fbe2904000 	C:\windows\system32\KERNELBASE.dll
0x000007fbe3970000 - 0x000007fbe3a4e000 	C:\windows\system32\ADVAPI32.dll
0x000007fbe3010000 - 0x000007fbe315c000 	C:\windows\system32\USER32.dll
0x000007fbe0170000 - 0x000007fbe03da000 	C:\windows\WinSxS\amd64_microsoft.windows.common-controls_6595b64144ccf1df_6.0.9200.16579_none_418ab7ef718b27ef\COMCTL32.dll
0x000007fbe50e0000 - 0x000007fbe5185000 	C:\windows\system32\msvcrt.dll
0x000007fbe3d00000 - 0x000007fbe3d48000 	C:\windows\SYSTEM32\sechost.dll
0x000007fbe2bd0000 - 0x000007fbe2d15000 	C:\windows\system32\RPCRT4.dll
0x000007fbe3160000 - 0x000007fbe32a1000 	C:\windows\system32\GDI32.dll
0x000007fbe3920000 - 0x000007fbe3959000 	C:\windows\system32\IMM32.DLL
0x000007fbe5190000 - 0x000007fbe52a6000 	C:\windows\system32\MSCTF.dll
0x0000000062b40000 - 0x0000000062c12000 	C:\Program Files\Java\jre7\bin\msvcr100.dll
0x0000000062370000 - 0x0000000062b39000 	C:\Program Files\Java\jre7\bin\server\jvm.dll
0x000007fbd9510000 - 0x000007fbd9519000 	C:\windows\SYSTEM32\WSOCK32.dll
0x000007fbe1040000 - 0x000007fbe1060000 	C:\windows\SYSTEM32\WINMM.dll
0x000007fbe3cf0000 - 0x000007fbe3cf7000 	C:\windows\system32\PSAPI.DLL
0x000007fbe5360000 - 0x000007fbe53b8000 	C:\windows\system32\WS2_32.dll
0x000007fbdc190000 - 0x000007fbdc1c3000 	C:\windows\SYSTEM32\WINMMBASE.dll
0x000007fbe5030000 - 0x000007fbe5039000 	C:\windows\system32\NSI.dll
0x000007fbe26f0000 - 0x000007fbe273f000 	C:\windows\SYSTEM32\cfgmgr32.dll
0x000007fbe26c0000 - 0x000007fbe26e2000 	C:\windows\system32\DEVOBJ.dll
0x0000000062360000 - 0x000000006236f000 	C:\Program Files\Java\jre7\bin\verify.dll
0x0000000062330000 - 0x0000000062358000 	C:\Program Files\Java\jre7\bin\java.dll
0x0000000062310000 - 0x0000000062325000 	C:\Program Files\Java\jre7\bin\zip.dll

VM Arguments:
jvm_args: -Dfile.encoding=UTF-8 -Xbootclasspath:D:\Program Files\adt-bundle-windows-x86_64-20140321\sdk\platforms\android-19\android.jar 
java_command: cn.wangyu.yaopao.SportRecordActivity
Launcher Type: SUN_STANDARD

Environment Variables:
PATH=C:\Program Files (x86)\Intel\iCLS Client\;C:\Program Files\Intel\iCLS Client\;C:\windows\system32;C:\windows;C:\windows\System32\Wbem;C:\windows\System32\WindowsPowerShell\v1.0\;C:\Program Files\Intel\Intel(R) Management Engine Components\DAL;C:\Program Files\Intel\Intel(R) Management Engine Components\IPT;C:\Program Files (x86)\Intel\Intel(R) Management Engine Components\DAL;C:\Program Files (x86)\Intel\Intel(R) Management Engine Components\IPT;C:\Program Files (x86)\Intel\OpenCL SDK\2.0\bin\x86;C:\Program Files (x86)\Intel\OpenCL SDK\2.0\bin\x64;C:\Program Files (x86)\ATI Technologies\ATI.ACE\Core-Static;C:\Program Files\Condusiv Technologies\ExpressCache\;C:\ProgramData\Lenovo\ReadyApps;C:\Program Files\TortoiseSVN\bin;C:\Program Files\Intel\WiFi\bin\;C:\Program Files\Common Files\Intel\WirelessCommon\;C:\Program Files\Java\jdk1.7.0_55\bin;C:\Program Files (x86)\Git\bin;C:\Program Files (x86)\Git\libexec\git-core;
USERNAME=a
OS=Windows_NT
PROCESSOR_IDENTIFIER=Intel64 Family 6 Model 58 Stepping 9, GenuineIntel



---------------  S Y S T E M  ---------------

OS: Windows 8 , 64 bit Build 9200 

CPU:total 4 (2 cores per cpu, 2 threads per core) family 6 model 58 stepping 9, cmov, cx8, fxsr, mmx, sse, sse2, sse3, ssse3, sse4.1, sse4.2, popcnt, avx, aes, erms, ht, tsc, tscinvbit, tscinv

Memory: 4k page, physical 8220224k(3154900k free), swap 10120768k(3951172k free)

vm_info: Java HotSpot(TM) 64-Bit Server VM (24.55-b03) for windows-amd64 JRE (1.7.0_55-b13), built on Mar 17 2014 19:45:30 by "java_re" with unknown MS VC++:1600

time: Mon Sep 01 11:38:44 2014
elapsed time: 0 seconds

