#
# A fatal error has been detected by the Java Runtime Environment:
#
#  Internal Error (javaClasses.cpp:136), pid=10280, tid=3480
#  fatal error: Invalid layout of preloaded class
#
# JRE version:  (7.0_55-b13) (build )
# Java VM: Java HotSpot(TM) 64-Bit Server VM (24.55-b03 mixed mode windows-amd64 compressed oops)
# Failed to write core dump. Minidumps are not enabled by default on client versions of Windows
#
# If you would like to submit a bug report, please visit:
#   http://bugreport.sun.com/bugreport/crash.jsp
#

---------------  T H R E A D  ---------------

Current thread (0x0000000002d70800):  JavaThread "Unknown thread" [_thread_in_vm, id=3480, stack(0x0000000002c70000,0x0000000002d70000)]

Stack: [0x0000000002c70000,0x0000000002d70000]

---------------  P R O C E S S  ---------------

Java Threads: ( => current thread )

Other Threads:

=>0x0000000002d70800 (exited) JavaThread "Unknown thread" [_thread_in_vm, id=3480, stack(0x0000000002c70000,0x0000000002d70000)]

VM state:not at safepoint (not fully initialized)

VM Mutex/Monitor currently owned by a thread: None

GC Heap History (0 events):
No events

Deoptimization events (0 events):
No events

Internal exceptions (0 events):
No events

Events (10 events):
Event: 0.071 loading class 0x0000000002db4e80 done
Event: 0.072 loading class 0x0000000002db48a0 done
Event: 0.072 loading class 0x0000000002db4880
Event: 0.072 loading class 0x0000000002dbc980
Event: 0.073 loading class 0x0000000002dbc980 done
Event: 0.073 loading class 0x0000000002dbc9b0
Event: 0.073 loading class 0x0000000002dbc9b0 done
Event: 0.073 loading class 0x0000000002dbc9e0
Event: 0.073 loading class 0x0000000002dbc9e0 done
Event: 0.074 loading class 0x0000000002db4880 done


Dynamic libraries:
0x000007f7da3d0000 - 0x000007f7da403000 	C:\Program Files\Java\jre7\bin\javaw.exe
0x000007fa1fc50000 - 0x000007fa1fe0e000 	C:\windows\SYSTEM32\ntdll.dll
0x000007fa1d170000 - 0x000007fa1d2a7000 	C:\windows\system32\KERNEL32.DLL
0x000007fa1cba0000 - 0x000007fa1cc94000 	C:\windows\system32\KERNELBASE.dll
0x000007fa1d360000 - 0x000007fa1d43e000 	C:\windows\system32\ADVAPI32.dll
0x000007fa1f030000 - 0x000007fa1f17c000 	C:\windows\system32\USER32.dll
0x000007fa1a900000 - 0x000007fa1ab6a000 	C:\windows\WinSxS\amd64_microsoft.windows.common-controls_6595b64144ccf1df_6.0.9200.16579_none_418ab7ef718b27ef\COMCTL32.dll
0x000007fa1d050000 - 0x000007fa1d0f5000 	C:\windows\system32\msvcrt.dll
0x000007fa1d840000 - 0x000007fa1d888000 	C:\windows\SYSTEM32\sechost.dll
0x000007fa1d440000 - 0x000007fa1d585000 	C:\windows\system32\RPCRT4.dll
0x000007fa1f370000 - 0x000007fa1f4b1000 	C:\windows\system32\GDI32.dll
0x000007fa1edc0000 - 0x000007fa1edf9000 	C:\windows\system32\IMM32.DLL
0x000007fa1f240000 - 0x000007fa1f356000 	C:\windows\system32\MSCTF.dll
0x00000000747e0000 - 0x00000000748b2000 	C:\Program Files\Java\jre7\bin\msvcr100.dll
0x0000000074010000 - 0x00000000747d9000 	C:\Program Files\Java\jre7\bin\server\jvm.dll
0x000007fa12fe0000 - 0x000007fa12fe9000 	C:\windows\SYSTEM32\WSOCK32.dll
0x000007fa16c60000 - 0x000007fa16c80000 	C:\windows\SYSTEM32\WINMM.dll
0x000007fa1d760000 - 0x000007fa1d767000 	C:\windows\system32\PSAPI.DLL
0x000007fa1d590000 - 0x000007fa1d5e8000 	C:\windows\system32\WS2_32.dll
0x000007fa16a80000 - 0x000007fa16ab3000 	C:\windows\SYSTEM32\WINMMBASE.dll
0x000007fa1f230000 - 0x000007fa1f239000 	C:\windows\system32\NSI.dll
0x000007fa1cd50000 - 0x000007fa1cd9f000 	C:\windows\SYSTEM32\cfgmgr32.dll
0x000007fa1cda0000 - 0x000007fa1cdc2000 	C:\windows\system32\DEVOBJ.dll
0x0000000074000000 - 0x000000007400f000 	C:\Program Files\Java\jre7\bin\verify.dll
0x0000000073fd0000 - 0x0000000073ff8000 	C:\Program Files\Java\jre7\bin\java.dll
0x0000000073fb0000 - 0x0000000073fc5000 	C:\Program Files\Java\jre7\bin\zip.dll

VM Arguments:
jvm_args: -Dfile.encoding=UTF-8 -Xbootclasspath:D:\Program Files\adt-bundle-windows-x86_64-20140321\sdk\platforms\android-19\android.jar 
java_command: net.yaopao.assist.VoiceUtil
Launcher Type: SUN_STANDARD

Environment Variables:
PATH=C:\Program Files (x86)\Intel\iCLS Client\;C:\Program Files\Intel\iCLS Client\;C:\windows\system32;C:\windows;C:\windows\System32\Wbem;C:\windows\System32\WindowsPowerShell\v1.0\;C:\Program Files\Intel\Intel(R) Management Engine Components\DAL;C:\Program Files\Intel\Intel(R) Management Engine Components\IPT;C:\Program Files (x86)\Intel\Intel(R) Management Engine Components\DAL;C:\Program Files (x86)\Intel\Intel(R) Management Engine Components\IPT;C:\Program Files (x86)\Intel\OpenCL SDK\2.0\bin\x86;C:\Program Files (x86)\Intel\OpenCL SDK\2.0\bin\x64;C:\Program Files (x86)\ATI Technologies\ATI.ACE\Core-Static;C:\Program Files\Condusiv Technologies\ExpressCache\;C:\ProgramData\Lenovo\ReadyApps;C:\Program Files\TortoiseSVN\bin;C:\Program Files\Intel\WiFi\bin\;C:\Program Files\Common Files\Intel\WirelessCommon\;C:\Program Files\Java\jdk1.7.0_55\bin;C:\Program Files (x86)\Git\bin;C:\Program Files (x86)\Git\libexec\git-core;C:\Program Files (x86)\IDM Computer Solutions\UltraEdit\
USERNAME=a
OS=Windows_NT
PROCESSOR_IDENTIFIER=Intel64 Family 6 Model 58 Stepping 9, GenuineIntel



---------------  S Y S T E M  ---------------

OS: Windows 8 , 64 bit Build 9200 

CPU:total 4 (2 cores per cpu, 2 threads per core) family 6 model 58 stepping 9, cmov, cx8, fxsr, mmx, sse, sse2, sse3, ssse3, sse4.1, sse4.2, popcnt, avx, aes, erms, ht, tsc, tscinvbit, tscinv

Memory: 4k page, physical 8220224k(3183164k free), swap 11497024k(5318868k free)

vm_info: Java HotSpot(TM) 64-Bit Server VM (24.55-b03) for windows-amd64 JRE (1.7.0_55-b13), built on Mar 17 2014 19:45:30 by "java_re" with unknown MS VC++:1600

time: Sun Sep 21 00:30:45 2014
elapsed time: 0 seconds

