#
# A fatal error has been detected by the Java Runtime Environment:
#
#  Internal Error (javaClasses.cpp:136), pid=7992, tid=9652
#  fatal error: Invalid layout of preloaded class
#
# JRE version:  (7.0_55-b13) (build )
# Java VM: Java HotSpot(TM) 64-Bit Server VM (24.55-b03 mixed mode windows-amd64 compressed oops)
# Failed to write core dump. Minidumps are not enabled by default on client versions of Windows
#
# If you would like to submit a bug report, please visit:
#   http://bugreport.sun.com/bugreport/crash.jsp
#

---------------  T H R E A D  ---------------

Current thread (0x00000000029f2800):  JavaThread "Unknown thread" [_thread_in_vm, id=9652, stack(0x00000000028f0000,0x00000000029f0000)]

Stack: [0x00000000028f0000,0x00000000029f0000]

---------------  P R O C E S S  ---------------

Java Threads: ( => current thread )

Other Threads:

=>0x00000000029f2800 (exited) JavaThread "Unknown thread" [_thread_in_vm, id=9652, stack(0x00000000028f0000,0x00000000029f0000)]

VM state:not at safepoint (not fully initialized)

VM Mutex/Monitor currently owned by a thread: None

GC Heap History (0 events):
No events

Deoptimization events (0 events):
No events

Internal exceptions (0 events):
No events

Events (10 events):
Event: 0.040 loading class 0x0000000002a35250 done
Event: 0.041 loading class 0x0000000002a34c70 done
Event: 0.041 loading class 0x0000000002a34c50
Event: 0.042 loading class 0x0000000002a3cd50
Event: 0.042 loading class 0x0000000002a3cd50 done
Event: 0.042 loading class 0x0000000002a3cd80
Event: 0.043 loading class 0x0000000002a3cd80 done
Event: 0.043 loading class 0x0000000002a3cdb0
Event: 0.043 loading class 0x0000000002a3cdb0 done
Event: 0.043 loading class 0x0000000002a34c50 done


Dynamic libraries:
0x000007f6d1580000 - 0x000007f6d15b3000 	C:\Program Files\Java\jre7\bin\javaw.exe
0x000007fdb3ba0000 - 0x000007fdb3d5e000 	C:\windows\SYSTEM32\ntdll.dll
0x000007fdb0f80000 - 0x000007fdb10b7000 	C:\windows\system32\KERNEL32.DLL
0x000007fdb0e50000 - 0x000007fdb0f44000 	C:\windows\system32\KERNELBASE.dll
0x000007fdb3570000 - 0x000007fdb364e000 	C:\windows\system32\ADVAPI32.dll
0x000007fdb2e10000 - 0x000007fdb2f5c000 	C:\windows\system32\USER32.dll
0x000007fdae450000 - 0x000007fdae6ba000 	C:\windows\WinSxS\amd64_microsoft.windows.common-controls_6595b64144ccf1df_6.0.9200.16579_none_418ab7ef718b27ef\COMCTL32.dll
0x000007fdb2ac0000 - 0x000007fdb2b65000 	C:\windows\system32\msvcrt.dll
0x000007fdb2f70000 - 0x000007fdb2fb8000 	C:\windows\SYSTEM32\sechost.dll
0x000007fdb3880000 - 0x000007fdb39c5000 	C:\windows\system32\RPCRT4.dll
0x000007fdb11f0000 - 0x000007fdb1331000 	C:\windows\system32\GDI32.dll
0x000007fdb2620000 - 0x000007fdb2659000 	C:\windows\system32\IMM32.DLL
0x000007fdb2c50000 - 0x000007fdb2d66000 	C:\windows\system32\MSCTF.dll
0x00000000539f0000 - 0x0000000053ac2000 	C:\Program Files\Java\jre7\bin\msvcr100.dll
0x0000000052d00000 - 0x00000000534c9000 	C:\Program Files\Java\jre7\bin\server\jvm.dll
0x000007fda22f0000 - 0x000007fda22f9000 	C:\windows\SYSTEM32\WSOCK32.dll
0x000007fdaa9b0000 - 0x000007fdaa9d0000 	C:\windows\SYSTEM32\WINMM.dll
0x000007fdb2c40000 - 0x000007fdb2c47000 	C:\windows\system32\PSAPI.DLL
0x000007fdb3820000 - 0x000007fdb3878000 	C:\windows\system32\WS2_32.dll
0x000007fdaa7d0000 - 0x000007fdaa803000 	C:\windows\SYSTEM32\WINMMBASE.dll
0x000007fdb3190000 - 0x000007fdb3199000 	C:\windows\system32\NSI.dll
0x000007fdb0da0000 - 0x000007fdb0def000 	C:\windows\SYSTEM32\cfgmgr32.dll
0x000007fdb0f50000 - 0x000007fdb0f72000 	C:\windows\system32\DEVOBJ.dll
0x00000000539e0000 - 0x00000000539ef000 	C:\Program Files\Java\jre7\bin\verify.dll
0x00000000539b0000 - 0x00000000539d8000 	C:\Program Files\Java\jre7\bin\java.dll
0x0000000053990000 - 0x00000000539a5000 	C:\Program Files\Java\jre7\bin\zip.dll

VM Arguments:
jvm_args: -Dfile.encoding=UTF-8 -Xbootclasspath:D:\Program Files\adt-bundle-windows-x86_64-20140321\sdk\platforms\android-19\android.jar 
java_command: net.yaopao.assist.VoiceUtil
Launcher Type: SUN_STANDARD

Environment Variables:
PATH=C:\Program Files (x86)\Intel\iCLS Client\;C:\Program Files\Intel\iCLS Client\;C:\windows\system32;C:\windows;C:\windows\System32\Wbem;C:\windows\System32\WindowsPowerShell\v1.0\;C:\Program Files\Intel\Intel(R) Management Engine Components\DAL;C:\Program Files\Intel\Intel(R) Management Engine Components\IPT;C:\Program Files (x86)\Intel\Intel(R) Management Engine Components\DAL;C:\Program Files (x86)\Intel\Intel(R) Management Engine Components\IPT;C:\Program Files (x86)\Intel\OpenCL SDK\2.0\bin\x86;C:\Program Files (x86)\Intel\OpenCL SDK\2.0\bin\x64;C:\Program Files (x86)\ATI Technologies\ATI.ACE\Core-Static;C:\Program Files\Condusiv Technologies\ExpressCache\;C:\ProgramData\Lenovo\ReadyApps;C:\Program Files\TortoiseSVN\bin;C:\Program Files\Intel\WiFi\bin\;C:\Program Files\Common Files\Intel\WirelessCommon\;C:\Program Files\Java\jdk1.7.0_55\bin;C:\Program Files (x86)\Git\bin;C:\Program Files (x86)\Git\libexec\git-core;C:\Program Files (x86)\IDM Computer Solutions\UltraEdit\
USERNAME=a
OS=Windows_NT
PROCESSOR_IDENTIFIER=Intel64 Family 6 Model 58 Stepping 9, GenuineIntel



---------------  S Y S T E M  ---------------

OS: Windows 8 , 64 bit Build 9200 

CPU:total 4 (2 cores per cpu, 2 threads per core) family 6 model 58 stepping 9, cmov, cx8, fxsr, mmx, sse, sse2, sse3, ssse3, sse4.1, sse4.2, popcnt, avx, aes, erms, ht, tsc, tscinvbit, tscinv

Memory: 4k page, physical 8220224k(4029392k free), swap 11103808k(6206768k free)

vm_info: Java HotSpot(TM) 64-Bit Server VM (24.55-b03) for windows-amd64 JRE (1.7.0_55-b13), built on Mar 17 2014 19:45:30 by "java_re" with unknown MS VC++:1600

time: Sun Oct 05 11:14:16 2014
elapsed time: 0 seconds

