#
# A fatal error has been detected by the Java Runtime Environment:
#
#  Internal Error (javaClasses.cpp:136), pid=7712, tid=10704
#  fatal error: Invalid layout of preloaded class
#
# JRE version:  (7.0_55-b13) (build )
# Java VM: Java HotSpot(TM) 64-Bit Server VM (24.55-b03 mixed mode windows-amd64 compressed oops)
# Failed to write core dump. Minidumps are not enabled by default on client versions of Windows
#
# If you would like to submit a bug report, please visit:
#   http://bugreport.sun.com/bugreport/crash.jsp
#

---------------  T H R E A D  ---------------

Current thread (0x0000000002eb2800):  JavaThread "Unknown thread" [_thread_in_vm, id=10704, stack(0x0000000002db0000,0x0000000002eb0000)]

Stack: [0x0000000002db0000,0x0000000002eb0000]

---------------  P R O C E S S  ---------------

Java Threads: ( => current thread )

Other Threads:

=>0x0000000002eb2800 (exited) JavaThread "Unknown thread" [_thread_in_vm, id=10704, stack(0x0000000002db0000,0x0000000002eb0000)]

VM state:not at safepoint (not fully initialized)

VM Mutex/Monitor currently owned by a thread: None

GC Heap History (0 events):
No events

Deoptimization events (0 events):
No events

Internal exceptions (0 events):
No events

Events (10 events):
Event: 0.038 loading class 0x0000000002ef5380 done
Event: 0.038 loading class 0x0000000002ef4da0 done
Event: 0.038 loading class 0x0000000002ef4d80
Event: 0.039 loading class 0x0000000002efce80
Event: 0.039 loading class 0x0000000002efce80 done
Event: 0.039 loading class 0x0000000002efceb0
Event: 0.039 loading class 0x0000000002efceb0 done
Event: 0.039 loading class 0x0000000002efcee0
Event: 0.039 loading class 0x0000000002efcee0 done
Event: 0.039 loading class 0x0000000002ef4d80 done


Dynamic libraries:
0x000007f626100000 - 0x000007f626133000 	C:\Program Files\Java\jre7\bin\javaw.exe
0x000007fcc1220000 - 0x000007fcc13de000 	C:\windows\SYSTEM32\ntdll.dll
0x000007fcc0ca0000 - 0x000007fcc0dd7000 	C:\windows\system32\KERNEL32.DLL
0x000007fcbe260000 - 0x000007fcbe354000 	C:\windows\system32\KERNELBASE.dll
0x000007fcc0de0000 - 0x000007fcc0ebe000 	C:\windows\system32\ADVAPI32.dll
0x000007fcbfe00000 - 0x000007fcbff4c000 	C:\windows\system32\USER32.dll
0x000007fcbb9d0000 - 0x000007fcbbc3a000 	C:\windows\WinSxS\amd64_microsoft.windows.common-controls_6595b64144ccf1df_6.0.9200.16579_none_418ab7ef718b27ef\COMCTL32.dll
0x000007fcc0920000 - 0x000007fcc09c5000 	C:\windows\system32\msvcrt.dll
0x000007fcbfc00000 - 0x000007fcbfc48000 	C:\windows\SYSTEM32\sechost.dll
0x000007fcc0610000 - 0x000007fcc0755000 	C:\windows\system32\RPCRT4.dll
0x000007fcc07d0000 - 0x000007fcc0911000 	C:\windows\system32\GDI32.dll
0x000007fcc00d0000 - 0x000007fcc0109000 	C:\windows\system32\IMM32.DLL
0x000007fcc0b80000 - 0x000007fcc0c96000 	C:\windows\system32\MSCTF.dll
0x0000000063380000 - 0x0000000063452000 	C:\Program Files\Java\jre7\bin\msvcr100.dll
0x0000000062bb0000 - 0x0000000063379000 	C:\Program Files\Java\jre7\bin\server\jvm.dll
0x000007fcb3fe0000 - 0x000007fcb3fe9000 	C:\windows\SYSTEM32\WSOCK32.dll
0x000007fcb6c00000 - 0x000007fcb6c20000 	C:\windows\SYSTEM32\WINMM.dll
0x000007fcbfb90000 - 0x000007fcbfb97000 	C:\windows\system32\PSAPI.DLL
0x000007fcc0160000 - 0x000007fcc01b8000 	C:\windows\system32\WS2_32.dll
0x000007fcb6bc0000 - 0x000007fcb6bf3000 	C:\windows\SYSTEM32\WINMMBASE.dll
0x000007fcbfc50000 - 0x000007fcbfc59000 	C:\windows\system32\NSI.dll
0x000007fcbe180000 - 0x000007fcbe1cf000 	C:\windows\SYSTEM32\cfgmgr32.dll
0x000007fcbe1d0000 - 0x000007fcbe1f2000 	C:\windows\system32\DEVOBJ.dll
0x0000000062ba0000 - 0x0000000062baf000 	C:\Program Files\Java\jre7\bin\verify.dll
0x0000000062b70000 - 0x0000000062b98000 	C:\Program Files\Java\jre7\bin\java.dll
0x0000000062b50000 - 0x0000000062b65000 	C:\Program Files\Java\jre7\bin\zip.dll

VM Arguments:
jvm_args: -Dfile.encoding=UTF-8 -Xbootclasspath:D:\Program Files\adt-bundle-windows-x86_64-20140321\sdk\platforms\android-19\android.jar 
java_command: net.yaopao.activity.UserInfoActivity
Launcher Type: SUN_STANDARD

Environment Variables:
JAVA_HOME=C:\Program Files\Java\jdk1.7.0_55
CLASSPATH=.;C:\Program Files\Java\jre7\lib;
PATH=C:\Program Files (x86)\Intel\iCLS Client\;C:\Program Files\Intel\iCLS Client\;C:\windows\system32;C:\windows;C:\windows\System32\Wbem;C:\windows\System32\WindowsPowerShell\v1.0\;C:\Program Files\Intel\Intel(R) Management Engine Components\DAL;C:\Program Files\Intel\Intel(R) Management Engine Components\IPT;C:\Program Files (x86)\Intel\Intel(R) Management Engine Components\DAL;C:\Program Files (x86)\Intel\Intel(R) Management Engine Components\IPT;C:\Program Files (x86)\Intel\OpenCL SDK\2.0\bin\x86;C:\Program Files (x86)\Intel\OpenCL SDK\2.0\bin\x64;C:\Program Files (x86)\ATI Technologies\ATI.ACE\Core-Static;C:\Program Files\Condusiv Technologies\ExpressCache\;C:\ProgramData\Lenovo\ReadyApps;C:\Program Files\TortoiseSVN\bin;C:\Program Files\Intel\WiFi\bin\;C:\Program Files\Common Files\Intel\WirelessCommon\;C:\Program Files\Java\jdk1.7.0_55\bin;C:\Program Files (x86)\Git\bin;C:\Program Files (x86)\Git\libexec\git-core;C:\Program Files (x86)\IDM Computer Solutions\UltraEdit\;C:\Program Files (x86)\SSH Communications Security\SSH Secure Shell
USERNAME=a
OS=Windows_NT
PROCESSOR_IDENTIFIER=Intel64 Family 6 Model 58 Stepping 9, GenuineIntel



---------------  S Y S T E M  ---------------

OS: Windows 8 , 64 bit Build 9200 

CPU:total 4 (2 cores per cpu, 2 threads per core) family 6 model 58 stepping 9, cmov, cx8, fxsr, mmx, sse, sse2, sse3, ssse3, sse4.1, sse4.2, popcnt, avx, aes, erms, ht, tsc, tscinvbit, tscinv

Memory: 4k page, physical 8220224k(3452508k free), swap 11103808k(5491096k free)

vm_info: Java HotSpot(TM) 64-Bit Server VM (24.55-b03) for windows-amd64 JRE (1.7.0_55-b13), built on Mar 17 2014 19:45:30 by "java_re" with unknown MS VC++:1600

time: Tue Jan 27 01:20:38 2015
elapsed time: 0 seconds

