#
# A fatal error has been detected by the Java Runtime Environment:
#
#  Internal Error (javaClasses.cpp:136), pid=10244, tid=3976
#  fatal error: Invalid layout of preloaded class
#
# JRE version:  (7.0_55-b13) (build )
# Java VM: Java HotSpot(TM) 64-Bit Server VM (24.55-b03 mixed mode windows-amd64 compressed oops)
# Failed to write core dump. Minidumps are not enabled by default on client versions of Windows
#
# If you would like to submit a bug report, please visit:
#   http://bugreport.sun.com/bugreport/crash.jsp
#

---------------  T H R E A D  ---------------

Current thread (0x00000000027a0800):  JavaThread "Unknown thread" [_thread_in_vm, id=3976, stack(0x0000000002350000,0x0000000002450000)]

Stack: [0x0000000002350000,0x0000000002450000]

---------------  P R O C E S S  ---------------

Java Threads: ( => current thread )

Other Threads:

=>0x00000000027a0800 (exited) JavaThread "Unknown thread" [_thread_in_vm, id=3976, stack(0x0000000002350000,0x0000000002450000)]

VM state:not at safepoint (not fully initialized)

VM Mutex/Monitor currently owned by a thread: None

GC Heap History (0 events):
No events

Deoptimization events (0 events):
No events

Internal exceptions (0 events):
No events

Events (10 events):
Event: 0.016 loading class 0x00000000027e6e20 done
Event: 0.016 loading class 0x00000000027e6840 done
Event: 0.016 loading class 0x00000000027e6820
Event: 0.016 loading class 0x00000000027ee920
Event: 0.016 loading class 0x00000000027ee920 done
Event: 0.016 loading class 0x00000000027ee950
Event: 0.016 loading class 0x00000000027ee950 done
Event: 0.016 loading class 0x00000000027ee980
Event: 0.017 loading class 0x00000000027ee980 done
Event: 0.017 loading class 0x00000000027e6820 done


Dynamic libraries:
0x000007f621ee0000 - 0x000007f621f13000 	C:\Program Files\Java\jre7\bin\javaw.exe
0x000007f8ea2e0000 - 0x000007f8ea49e000 	C:\windows\SYSTEM32\ntdll.dll
0x000007f8e7900000 - 0x000007f8e7a37000 	C:\windows\system32\KERNEL32.DLL
0x000007f8e72d0000 - 0x000007f8e73c4000 	C:\windows\system32\KERNELBASE.dll
0x000007f8e7eb0000 - 0x000007f8e7f8e000 	C:\windows\system32\ADVAPI32.dll
0x000007f8e9480000 - 0x000007f8e95cc000 	C:\windows\system32\USER32.dll
0x000007f8e4e00000 - 0x000007f8e506a000 	C:\windows\WinSxS\amd64_microsoft.windows.common-controls_6595b64144ccf1df_6.0.9200.16579_none_418ab7ef718b27ef\COMCTL32.dll
0x000007f8e8080000 - 0x000007f8e8125000 	C:\windows\system32\msvcrt.dll
0x000007f8e9430000 - 0x000007f8e9478000 	C:\windows\SYSTEM32\sechost.dll
0x000007f8e7a40000 - 0x000007f8e7b85000 	C:\windows\system32\RPCRT4.dll
0x000007f8e97c0000 - 0x000007f8e9901000 	C:\windows\system32\GDI32.dll
0x000007f8e7dc0000 - 0x000007f8e7df9000 	C:\windows\system32\IMM32.DLL
0x000007f8e9d30000 - 0x000007f8e9e46000 	C:\windows\system32\MSCTF.dll
0x00000000508d0000 - 0x00000000509a2000 	C:\Program Files\Java\jre7\bin\msvcr100.dll
0x0000000077830000 - 0x0000000077ff9000 	C:\Program Files\Java\jre7\bin\server\jvm.dll
0x000007f8e2350000 - 0x000007f8e2359000 	C:\windows\SYSTEM32\WSOCK32.dll
0x000007f8e20f0000 - 0x000007f8e2110000 	C:\windows\SYSTEM32\WINMM.dll
0x000007f8e8130000 - 0x000007f8e8137000 	C:\windows\system32\PSAPI.DLL
0x000007f8e9760000 - 0x000007f8e97b8000 	C:\windows\system32\WS2_32.dll
0x000007f8e20b0000 - 0x000007f8e20e3000 	C:\windows\SYSTEM32\WINMMBASE.dll
0x000007f8e9750000 - 0x000007f8e9759000 	C:\windows\system32\NSI.dll
0x000007f8e7250000 - 0x000007f8e729f000 	C:\windows\SYSTEM32\cfgmgr32.dll
0x000007f8e72a0000 - 0x000007f8e72c2000 	C:\windows\system32\DEVOBJ.dll
0x00000000508c0000 - 0x00000000508cf000 	C:\Program Files\Java\jre7\bin\verify.dll
0x0000000050890000 - 0x00000000508b8000 	C:\Program Files\Java\jre7\bin\java.dll
0x0000000050870000 - 0x0000000050885000 	C:\Program Files\Java\jre7\bin\zip.dll

VM Arguments:
jvm_args: -Dfile.encoding=UTF-8 -Xbootclasspath:D:\Program Files\adt-bundle-windows-x86_64-20140321\sdk\platforms\android-19\android.jar 
java_command: cn.wangyu.yaopao.SportRecordActivity
Launcher Type: SUN_STANDARD

Environment Variables:
PATH=C:\Program Files (x86)\Intel\iCLS Client\;C:\Program Files\Intel\iCLS Client\;C:\windows\system32;C:\windows;C:\windows\System32\Wbem;C:\windows\System32\WindowsPowerShell\v1.0\;C:\Program Files\Intel\Intel(R) Management Engine Components\DAL;C:\Program Files\Intel\Intel(R) Management Engine Components\IPT;C:\Program Files (x86)\Intel\Intel(R) Management Engine Components\DAL;C:\Program Files (x86)\Intel\Intel(R) Management Engine Components\IPT;C:\Program Files (x86)\Intel\OpenCL SDK\2.0\bin\x86;C:\Program Files (x86)\Intel\OpenCL SDK\2.0\bin\x64;C:\Program Files (x86)\ATI Technologies\ATI.ACE\Core-Static;C:\Program Files\Condusiv Technologies\ExpressCache\;C:\ProgramData\Lenovo\ReadyApps;C:\Program Files\TortoiseSVN\bin;C:\Program Files\Intel\WiFi\bin\;C:\Program Files\Common Files\Intel\WirelessCommon\;C:\Program Files\Java\jdk1.7.0_55\bin;C:\Program Files (x86)\Git\bin;C:\Program Files (x86)\Git\libexec\git-core;C:\Program Files (x86)\IDM Computer Solutions\UltraEdit\
USERNAME=a
OS=Windows_NT
PROCESSOR_IDENTIFIER=Intel64 Family 6 Model 58 Stepping 9, GenuineIntel



---------------  S Y S T E M  ---------------

OS: Windows 8 , 64 bit Build 9200 

CPU:total 4 (2 cores per cpu, 2 threads per core) family 6 model 58 stepping 9, cmov, cx8, fxsr, mmx, sse, sse2, sse3, ssse3, sse4.1, sse4.2, popcnt, avx, aes, erms, ht, tsc, tscinvbit, tscinv

Memory: 4k page, physical 8220224k(2226988k free), swap 10448448k(3000144k free)

vm_info: Java HotSpot(TM) 64-Bit Server VM (24.55-b03) for windows-amd64 JRE (1.7.0_55-b13), built on Mar 17 2014 19:45:30 by "java_re" with unknown MS VC++:1600

time: Thu Sep 11 17:05:59 2014
elapsed time: 0 seconds

