#
# A fatal error has been detected by the Java Runtime Environment:
#
#  Internal Error (javaClasses.cpp:136), pid=13144, tid=6532
#  fatal error: Invalid layout of preloaded class
#
# JRE version:  (7.0_55-b13) (build )
# Java VM: Java HotSpot(TM) 64-Bit Server VM (24.55-b03 mixed mode windows-amd64 compressed oops)
# Failed to write core dump. Minidumps are not enabled by default on client versions of Windows
#
# If you would like to submit a bug report, please visit:
#   http://bugreport.sun.com/bugreport/crash.jsp
#

---------------  T H R E A D  ---------------

Current thread (0x0000000001fd2800):  JavaThread "Unknown thread" [_thread_in_vm, id=6532, stack(0x0000000001ed0000,0x0000000001fd0000)]

Stack: [0x0000000001ed0000,0x0000000001fd0000]

---------------  P R O C E S S  ---------------

Java Threads: ( => current thread )

Other Threads:

=>0x0000000001fd2800 (exited) JavaThread "Unknown thread" [_thread_in_vm, id=6532, stack(0x0000000001ed0000,0x0000000001fd0000)]

VM state:not at safepoint (not fully initialized)

VM Mutex/Monitor currently owned by a thread: None

GC Heap History (0 events):
No events

Deoptimization events (0 events):
No events

Internal exceptions (0 events):
No events

Events (10 events):
Event: 0.056 loading class 0x0000000002015260 done
Event: 0.057 loading class 0x0000000002014c80 done
Event: 0.057 loading class 0x0000000002014c60
Event: 0.058 loading class 0x000000000201cd60
Event: 0.058 loading class 0x000000000201cd60 done
Event: 0.058 loading class 0x000000000201cd90
Event: 0.058 loading class 0x000000000201cd90 done
Event: 0.058 loading class 0x000000000201cdc0
Event: 0.058 loading class 0x000000000201cdc0 done
Event: 0.059 loading class 0x0000000002014c60 done


Dynamic libraries:
0x000007f6623b0000 - 0x000007f6623e3000 	C:\Program Files\Java\jre7\bin\javaw.exe
0x000007fe8fd70000 - 0x000007fe8ff2e000 	C:\windows\SYSTEM32\ntdll.dll
0x000007fe8faf0000 - 0x000007fe8fc27000 	C:\windows\system32\KERNEL32.DLL
0x000007fe8cce0000 - 0x000007fe8cdd4000 	C:\windows\system32\KERNELBASE.dll
0x000007fe8f3b0000 - 0x000007fe8f48e000 	C:\windows\system32\ADVAPI32.dll
0x000007fe8ef70000 - 0x000007fe8f0bc000 	C:\windows\system32\USER32.dll
0x000007fe8a750000 - 0x000007fe8a9ba000 	C:\windows\WinSxS\amd64_microsoft.windows.common-controls_6595b64144ccf1df_6.0.9200.16579_none_418ab7ef718b27ef\COMCTL32.dll
0x000007fe8f870000 - 0x000007fe8f915000 	C:\windows\system32\msvcrt.dll
0x000007fe8d810000 - 0x000007fe8d858000 	C:\windows\SYSTEM32\sechost.dll
0x000007fe8d2f0000 - 0x000007fe8d435000 	C:\windows\system32\RPCRT4.dll
0x000007fe8f720000 - 0x000007fe8f861000 	C:\windows\system32\GDI32.dll
0x000007fe8d440000 - 0x000007fe8d479000 	C:\windows\system32\IMM32.DLL
0x000007fe8d480000 - 0x000007fe8d596000 	C:\windows\system32\MSCTF.dll
0x0000000072140000 - 0x0000000072212000 	C:\Program Files\Java\jre7\bin\msvcr100.dll
0x0000000070b50000 - 0x0000000071319000 	C:\Program Files\Java\jre7\bin\server\jvm.dll
0x000007fe7e890000 - 0x000007fe7e899000 	C:\windows\SYSTEM32\WSOCK32.dll
0x000007fe87320000 - 0x000007fe87340000 	C:\windows\SYSTEM32\WINMM.dll
0x000007fe8f220000 - 0x000007fe8f227000 	C:\windows\system32\PSAPI.DLL
0x000007fe8fd10000 - 0x000007fe8fd68000 	C:\windows\system32\WS2_32.dll
0x000007fe87140000 - 0x000007fe87173000 	C:\windows\SYSTEM32\WINMMBASE.dll
0x000007fe8fae0000 - 0x000007fe8fae9000 	C:\windows\system32\NSI.dll
0x000007fe8cff0000 - 0x000007fe8d03f000 	C:\windows\SYSTEM32\cfgmgr32.dll
0x000007fe8cfc0000 - 0x000007fe8cfe2000 	C:\windows\system32\DEVOBJ.dll
0x0000000072130000 - 0x000000007213f000 	C:\Program Files\Java\jre7\bin\verify.dll
0x0000000072100000 - 0x0000000072128000 	C:\Program Files\Java\jre7\bin\java.dll
0x00000000720e0000 - 0x00000000720f5000 	C:\Program Files\Java\jre7\bin\zip.dll

VM Arguments:
jvm_args: -Dfile.encoding=UTF-8 -Xbootclasspath:D:\Program Files\adt-bundle-windows-x86_64-20140321\sdk\platforms\android-19\android.jar 
java_command: net.yaopao.assist.VoiceUtil
Launcher Type: SUN_STANDARD

Environment Variables:
PATH=C:\Program Files (x86)\Intel\iCLS Client\;C:\Program Files\Intel\iCLS Client\;C:\windows\system32;C:\windows;C:\windows\System32\Wbem;C:\windows\System32\WindowsPowerShell\v1.0\;C:\Program Files\Intel\Intel(R) Management Engine Components\DAL;C:\Program Files\Intel\Intel(R) Management Engine Components\IPT;C:\Program Files (x86)\Intel\Intel(R) Management Engine Components\DAL;C:\Program Files (x86)\Intel\Intel(R) Management Engine Components\IPT;C:\Program Files (x86)\Intel\OpenCL SDK\2.0\bin\x86;C:\Program Files (x86)\Intel\OpenCL SDK\2.0\bin\x64;C:\Program Files (x86)\ATI Technologies\ATI.ACE\Core-Static;C:\Program Files\Condusiv Technologies\ExpressCache\;C:\ProgramData\Lenovo\ReadyApps;C:\Program Files\TortoiseSVN\bin;C:\Program Files\Intel\WiFi\bin\;C:\Program Files\Common Files\Intel\WirelessCommon\;C:\Program Files\Java\jdk1.7.0_55\bin;C:\Program Files (x86)\Git\bin;C:\Program Files (x86)\Git\libexec\git-core;C:\Program Files (x86)\IDM Computer Solutions\UltraEdit\
USERNAME=a
OS=Windows_NT
PROCESSOR_IDENTIFIER=Intel64 Family 6 Model 58 Stepping 9, GenuineIntel



---------------  S Y S T E M  ---------------

OS: Windows 8 , 64 bit Build 9200 

CPU:total 4 (2 cores per cpu, 2 threads per core) family 6 model 58 stepping 9, cmov, cx8, fxsr, mmx, sse, sse2, sse3, ssse3, sse4.1, sse4.2, popcnt, avx, aes, erms, ht, tsc, tscinvbit, tscinv

Memory: 4k page, physical 8220224k(3440320k free), swap 11676184k(5673676k free)

vm_info: Java HotSpot(TM) 64-Bit Server VM (24.55-b03) for windows-amd64 JRE (1.7.0_55-b13), built on Mar 17 2014 19:45:30 by "java_re" with unknown MS VC++:1600

time: Sat Sep 27 13:53:15 2014
elapsed time: 0 seconds

